c:\users\uefi\documents\windowsdanger\x64\debug\vc142.pdb
c:\users\uefi\documents\windowsdanger\x64\debug\main.obj
c:\users\uefi\documents\windowsdanger\x64\debug\windowsdanger\windowsdanger.cat
c:\users\uefi\documents\windowsdanger\x64\debug\windowsdanger.sys
c:\users\uefi\documents\windowsdanger\x64\debug\windowsdanger.pdb
c:\users\uefi\documents\windowsdanger\x64\debug\gdttool.obj
c:\users\uefi\documents\windowsdanger\x64\debug\windowsdanger.inf
c:\users\administrator\windowsdanger\kernelmodel_driver\x64\debug\windowsdanger.inf
c:\users\administrator\windowsdanger\kernelmodel_driver\x64\debug\windowsdanger.cer
c:\users\administrator\windowsdanger\kernelmodel_driver\x64\debug\gdttool.obj
c:\users\administrator\windowsdanger\kernelmodel_driver\x64\debug\main.obj
c:\users\administrator\windowsdanger\kernelmodel_driver\x64\debug\vc142.pdb
c:\users\administrator\windowsdanger\kernelmodel_driver\x64\debug\windowsdanger.pdb
c:\users\administrator\windowsdanger\kernelmodel_driver\x64\debug\windowsdanger.sys
c:\users\administrator\windowsdanger\kernelmodel_driver\x64\debug\windowsdanger.tlog\cl.command.1.tlog
c:\users\administrator\windowsdanger\kernelmodel_driver\x64\debug\windowsdanger.tlog\cl.read.1.tlog
c:\users\administrator\windowsdanger\kernelmodel_driver\x64\debug\windowsdanger.tlog\cl.write.1.tlog
c:\users\administrator\windowsdanger\kernelmodel_driver\x64\debug\windowsdanger.tlog\inf2cat-expand.13268.read.1.tlog
c:\users\administrator\windowsdanger\kernelmodel_driver\x64\debug\windowsdanger.tlog\inf2cat-expand.13268.write.1.tlog
c:\users\administrator\windowsdanger\kernelmodel_driver\x64\debug\windowsdanger.tlog\inf2cat-expand.13456.read.1.tlog
c:\users\administrator\windowsdanger\kernelmodel_driver\x64\debug\windowsdanger.tlog\inf2cat-expand.13456.write.1.tlog
c:\users\administrator\windowsdanger\kernelmodel_driver\x64\debug\windowsdanger.tlog\inf2cat-expand.14440.read.1.tlog
c:\users\administrator\windowsdanger\kernelmodel_driver\x64\debug\windowsdanger.tlog\inf2cat-expand.14440.write.1.tlog
c:\users\administrator\windowsdanger\kernelmodel_driver\x64\debug\windowsdanger.tlog\inf2cat-expand.3964.read.1.tlog
c:\users\administrator\windowsdanger\kernelmodel_driver\x64\debug\windowsdanger.tlog\inf2cat-expand.3964.write.1.tlog
c:\users\administrator\windowsdanger\kernelmodel_driver\x64\debug\windowsdanger.tlog\inf2cat-expand.472.read.1.tlog
c:\users\administrator\windowsdanger\kernelmodel_driver\x64\debug\windowsdanger.tlog\inf2cat-expand.472.write.1.tlog
c:\users\administrator\windowsdanger\kernelmodel_driver\x64\debug\windowsdanger.tlog\inf2cat-expand.4772.read.1.tlog
c:\users\administrator\windowsdanger\kernelmodel_driver\x64\debug\windowsdanger.tlog\inf2cat-expand.4772.write.1.tlog
c:\users\administrator\windowsdanger\kernelmodel_driver\x64\debug\windowsdanger.tlog\inf2cat-expand.4984.read.1.tlog
c:\users\administrator\windowsdanger\kernelmodel_driver\x64\debug\windowsdanger.tlog\inf2cat-expand.4984.write.1.tlog
c:\users\administrator\windowsdanger\kernelmodel_driver\x64\debug\windowsdanger.tlog\inf2cat-expand.5696.read.1.tlog
c:\users\administrator\windowsdanger\kernelmodel_driver\x64\debug\windowsdanger.tlog\inf2cat-expand.5696.write.1.tlog
c:\users\administrator\windowsdanger\kernelmodel_driver\x64\debug\windowsdanger.tlog\inf2cat-expand.9884.read.1.tlog
c:\users\administrator\windowsdanger\kernelmodel_driver\x64\debug\windowsdanger.tlog\inf2cat-expand.9884.write.1.tlog
c:\users\administrator\windowsdanger\kernelmodel_driver\x64\debug\windowsdanger.tlog\inf2cat-expand.read.1.tlog
c:\users\administrator\windowsdanger\kernelmodel_driver\x64\debug\windowsdanger.tlog\inf2cat-expand.write.1.tlog
c:\users\administrator\windowsdanger\kernelmodel_driver\x64\debug\windowsdanger.tlog\inf2cat.command.1.tlog
c:\users\administrator\windowsdanger\kernelmodel_driver\x64\debug\windowsdanger.tlog\inf2cat.read.1.tlog
c:\users\administrator\windowsdanger\kernelmodel_driver\x64\debug\windowsdanger.tlog\inf2cat.write.1.tlog
c:\users\administrator\windowsdanger\kernelmodel_driver\x64\debug\windowsdanger.tlog\link.command.1.tlog
c:\users\administrator\windowsdanger\kernelmodel_driver\x64\debug\windowsdanger.tlog\link.read.1.tlog
c:\users\administrator\windowsdanger\kernelmodel_driver\x64\debug\windowsdanger.tlog\link.write.1.tlog
c:\users\administrator\windowsdanger\kernelmodel_driver\x64\debug\windowsdanger.tlog\masm.read.1u.tlog
c:\users\administrator\windowsdanger\kernelmodel_driver\x64\debug\windowsdanger.tlog\masm.write.1u.tlog
c:\users\administrator\windowsdanger\kernelmodel_driver\x64\debug\windowsdanger.tlog\signtool.command.1.tlog
c:\users\administrator\windowsdanger\kernelmodel_driver\x64\debug\windowsdanger.tlog\signtool.read.1.tlog
c:\users\administrator\windowsdanger\kernelmodel_driver\x64\debug\windowsdanger.tlog\signtool.timestamp.1.tlog
c:\users\administrator\windowsdanger\kernelmodel_driver\x64\debug\windowsdanger.tlog\signtool.write.1.tlog
c:\users\administrator\windowsdanger\kernelmodel_driver\x64\debug\windowsdanger.tlog\stampinf.command.1.tlog
c:\users\administrator\windowsdanger\kernelmodel_driver\x64\debug\windowsdanger.tlog\stampinf.read.1.tlog
c:\users\administrator\windowsdanger\kernelmodel_driver\x64\debug\windowsdanger.tlog\stampinf.write.1.tlog
